<?xml version="1.0" encoding="UTF-8"?>
<!-- Generated by org.testng.reporters.JUnitReportReporter -->
<testsuite hostname="LAPTOP-F2PLA7Q6" failures="0" tests="3" name="testCases.TC_003_LoginDDT" time="22.493" errors="0" timestamp="2024-04-22T11:17:22 EDT" skipped="0">
  <testcase classname="testCases.TC_003_LoginDDT" name="verify_loginDDT" time="10.614"/>
  <system-out/>
  <testcase classname="testCases.TC_003_LoginDDT" name="verify_loginDDT" time="10.482"/>
  <system-out/>
  <testcase classname="testCases.TC_003_LoginDDT" name="verify_loginDDT" time="1.397"/>
  <system-out/>
</testsuite> <!-- testCases.TC_003_LoginDDT -->
