<?xml version="1.0" encoding="UTF-8"?>
<!-- Generated by org.testng.reporters.JUnitReportReporter -->
<testsuite hostname="LAPTOP-F2PLA7Q6" failures="0" tests="1" name="testCases.TC_001_AccountRegistrationTest" time="1.489" errors="0" timestamp="2024-04-23T11:21:02 EDT" skipped="0">
  <testcase classname="testCases.TC_001_AccountRegistrationTest" name="verify_account_registration" time="1.489"/>
  <system-out/>
</testsuite> <!-- testCases.TC_001_AccountRegistrationTest -->
