<?xml version="1.0" encoding="UTF-8"?>
<!-- Generated by org.testng.reporters.JUnitReportReporter -->
<testsuite hostname="LAPTOP-F2PLA7Q6" failures="0" tests="1" name="testCases.TC_004_SearchProductTest" time="2.044" errors="0" timestamp="2024-04-26T10:54:31 EDT" skipped="0">
  <testcase classname="testCases.TC_004_SearchProductTest" name="verify_productSearch" time="2.044"/>
  <system-out/>
</testsuite> <!-- testCases.TC_004_SearchProductTest -->
