<?xml version="1.0" encoding="UTF-8"?>
<!-- Generated by org.testng.reporters.JUnitReportReporter -->
<testsuite hostname="LAPTOP-F2PLA7Q6" failures="0" tests="1" name="testCases.TC_002_LoginTest" time="1.342" errors="0" timestamp="2024-04-23T11:08:02 EDT" skipped="0">
  <testcase classname="testCases.TC_002_LoginTest" name="verify_login" time="1.342"/>
  <system-out/>
</testsuite> <!-- testCases.TC_002_LoginTest -->
