<?xml version="1.0" encoding="UTF-8"?>
<!-- Generated by org.testng.reporters.JUnitReportReporter -->
<testsuite hostname="LAPTOP-F2PLA7Q6" failures="0" tests="1" name="testCases.TC_001_AccountRegistrationTest" time="2.825" errors="0" timestamp="2024-04-23T14:05:28 EDT" skipped="0">
  <testcase classname="testCases.TC_001_AccountRegistrationTest" name="verify_account_registration" time="2.825"/>
</testsuite> <!-- testCases.TC_001_AccountRegistrationTest -->
