<?xml version="1.0" encoding="UTF-8"?>
<!-- Generated by org.testng.reporters.JUnitReportReporter -->
<testsuite hostname="LAPTOP-F2PLA7Q6" failures="0" tests="1" name="testCases.TC_002_LoginTest" time="2.158" errors="0" timestamp="2024-04-23T14:05:28 EDT" skipped="0">
  <testcase classname="testCases.TC_002_LoginTest" name="verify_login" time="2.158"/>
</testsuite> <!-- testCases.TC_002_LoginTest -->
